<?xml version="1.0" encoding="UTF-8"?>
<testng-results skipped="0" failed="0" ignored="0" total="1" passed="1">
  <reporter-output>
  </reporter-output>
  <suite name="Default suite" duration-ms="21288" started-at="2023-02-19T23:02:49 IST" finished-at="2023-02-19T23:03:10 IST">
    <groups>
    </groups>
    <test name="Default test" duration-ms="21288" started-at="2023-02-19T23:02:49 IST" finished-at="2023-02-19T23:03:10 IST">
      <class name="Tests.CartTest">
        <test-method status="PASS" signature="Carttest()[pri:0, instance:Tests.CartTest@31206beb]" name="Carttest" duration-ms="21244" started-at="2023-02-19T23:02:49 IST" finished-at="2023-02-19T23:03:10 IST">
          <reporter-output>
          </reporter-output>
        </test-method> <!-- Carttest -->
      </class> <!-- Tests.CartTest -->
    </test> <!-- Default test -->
  </suite> <!-- Default suite -->
</testng-results>
